  Source_PacMan.cpp
c:\users\rmk\desktop\шаг\oop_cpp\homework_oop\hw_12_kyrsak_pacman\ca_pacman\ca_pacman\source_pacman.cpp(388): warning C4244: аргумент: преобразование "double" в "DWORD", возможна потеря данных
c:\users\rmk\desktop\шаг\oop_cpp\homework_oop\hw_12_kyrsak_pacman\ca_pacman\ca_pacman\source_pacman.cpp(389): warning C4244: аргумент: преобразование "double" в "DWORD", возможна потеря данных
c:\users\rmk\desktop\шаг\oop_cpp\homework_oop\hw_12_kyrsak_pacman\ca_pacman\ca_pacman\source_pacman.cpp(390): warning C4244: аргумент: преобразование "double" в "DWORD", возможна потеря данных
c:\users\rmk\desktop\шаг\oop_cpp\homework_oop\hw_12_kyrsak_pacman\ca_pacman\ca_pacman\source_pacman.cpp(391): warning C4244: аргумент: преобразование "double" в "DWORD", возможна потеря данных
c:\users\rmk\desktop\шаг\oop_cpp\homework_oop\hw_12_kyrsak_pacman\ca_pacman\ca_pacman\source_pacman.cpp(392): warning C4244: аргумент: преобразование "double" в "DWORD", возможна потеря данных
c:\users\rmk\desktop\шаг\oop_cpp\homework_oop\hw_12_kyrsak_pacman\ca_pacman\ca_pacman\source_pacman.cpp(394): warning C4244: аргумент: преобразование "double" в "DWORD", возможна потеря данных
c:\users\rmk\desktop\шаг\oop_cpp\homework_oop\hw_12_kyrsak_pacman\ca_pacman\ca_pacman\source_pacman.cpp(398): warning C4244: аргумент: преобразование "double" в "DWORD", возможна потеря данных
c:\users\rmk\desktop\шаг\oop_cpp\homework_oop\hw_12_kyrsak_pacman\ca_pacman\ca_pacman\source_pacman.cpp(399): warning C4244: аргумент: преобразование "double" в "DWORD", возможна потеря данных
c:\users\rmk\desktop\шаг\oop_cpp\homework_oop\hw_12_kyrsak_pacman\ca_pacman\ca_pacman\source_pacman.cpp(400): warning C4244: аргумент: преобразование "double" в "DWORD", возможна потеря данных
c:\users\rmk\desktop\шаг\oop_cpp\homework_oop\hw_12_kyrsak_pacman\ca_pacman\ca_pacman\source_pacman.cpp(401): warning C4244: аргумент: преобразование "double" в "DWORD", возможна потеря данных
c:\users\rmk\desktop\шаг\oop_cpp\homework_oop\hw_12_kyrsak_pacman\ca_pacman\ca_pacman\source_pacman.cpp(402): warning C4244: аргумент: преобразование "double" в "DWORD", возможна потеря данных
c:\users\rmk\desktop\шаг\oop_cpp\homework_oop\hw_12_kyrsak_pacman\ca_pacman\ca_pacman\source_pacman.cpp(403): warning C4244: аргумент: преобразование "double" в "DWORD", возможна потеря данных
c:\users\rmk\desktop\шаг\oop_cpp\homework_oop\hw_12_kyrsak_pacman\ca_pacman\ca_pacman\source_pacman.cpp(404): warning C4244: аргумент: преобразование "double" в "DWORD", возможна потеря данных
c:\users\rmk\desktop\шаг\oop_cpp\homework_oop\hw_12_kyrsak_pacman\ca_pacman\ca_pacman\source_pacman.cpp(405): warning C4244: аргумент: преобразование "double" в "DWORD", возможна потеря данных
c:\users\rmk\desktop\шаг\oop_cpp\homework_oop\hw_12_kyrsak_pacman\ca_pacman\ca_pacman\source_pacman.cpp(407): warning C4244: аргумент: преобразование "double" в "DWORD", возможна потеря данных
c:\users\rmk\desktop\шаг\oop_cpp\homework_oop\hw_12_kyrsak_pacman\ca_pacman\ca_pacman\source_pacman.cpp(409): warning C4244: аргумент: преобразование "double" в "DWORD", возможна потеря данных
c:\users\rmk\desktop\шаг\oop_cpp\homework_oop\hw_12_kyrsak_pacman\ca_pacman\ca_pacman\source_pacman.cpp(411): warning C4244: аргумент: преобразование "double" в "DWORD", возможна потеря данных
c:\users\rmk\desktop\шаг\oop_cpp\homework_oop\hw_12_kyrsak_pacman\ca_pacman\ca_pacman\source_pacman.cpp(412): warning C4244: аргумент: преобразование "double" в "DWORD", возможна потеря данных
c:\users\rmk\desktop\шаг\oop_cpp\homework_oop\hw_12_kyrsak_pacman\ca_pacman\ca_pacman\source_pacman.cpp(413): warning C4244: аргумент: преобразование "double" в "DWORD", возможна потеря данных
c:\users\rmk\desktop\шаг\oop_cpp\homework_oop\hw_12_kyrsak_pacman\ca_pacman\ca_pacman\source_pacman.cpp(414): warning C4244: аргумент: преобразование "double" в "DWORD", возможна потеря данных
c:\users\rmk\desktop\шаг\oop_cpp\homework_oop\hw_12_kyrsak_pacman\ca_pacman\ca_pacman\source_pacman.cpp(415): warning C4244: аргумент: преобразование "double" в "DWORD", возможна потеря данных
c:\users\rmk\desktop\шаг\oop_cpp\homework_oop\hw_12_kyrsak_pacman\ca_pacman\ca_pacman\source_pacman.cpp(416): warning C4244: аргумент: преобразование "double" в "DWORD", возможна потеря данных
c:\users\rmk\desktop\шаг\oop_cpp\homework_oop\hw_12_kyrsak_pacman\ca_pacman\ca_pacman\source_pacman.cpp(417): warning C4244: аргумент: преобразование "double" в "DWORD", возможна потеря данных
c:\users\rmk\desktop\шаг\oop_cpp\homework_oop\hw_12_kyrsak_pacman\ca_pacman\ca_pacman\source_pacman.cpp(418): warning C4244: аргумент: преобразование "double" в "DWORD", возможна потеря данных
c:\users\rmk\desktop\шаг\oop_cpp\homework_oop\hw_12_kyrsak_pacman\ca_pacman\ca_pacman\source_pacman.cpp(419): warning C4244: аргумент: преобразование "double" в "DWORD", возможна потеря данных
c:\users\rmk\desktop\шаг\oop_cpp\homework_oop\hw_12_kyrsak_pacman\ca_pacman\ca_pacman\source_pacman.cpp(420): warning C4244: аргумент: преобразование "double" в "DWORD", возможна потеря данных
c:\users\rmk\desktop\шаг\oop_cpp\homework_oop\hw_12_kyrsak_pacman\ca_pacman\ca_pacman\source_pacman.cpp(422): warning C4244: аргумент: преобразование "double" в "DWORD", возможна потеря данных
c:\users\rmk\desktop\шаг\oop_cpp\homework_oop\hw_12_kyrsak_pacman\ca_pacman\ca_pacman\source_pacman.cpp(424): warning C4244: аргумент: преобразование "double" в "DWORD", возможна потеря данных
c:\users\rmk\desktop\шаг\oop_cpp\homework_oop\hw_12_kyrsak_pacman\ca_pacman\ca_pacman\source_pacman.cpp(427): warning C4244: аргумент: преобразование "double" в "DWORD", возможна потеря данных
c:\users\rmk\desktop\шаг\oop_cpp\homework_oop\hw_12_kyrsak_pacman\ca_pacman\ca_pacman\source_pacman.cpp(431): warning C4244: аргумент: преобразование "double" в "DWORD", возможна потеря данных
c:\users\rmk\desktop\шаг\oop_cpp\homework_oop\hw_12_kyrsak_pacman\ca_pacman\ca_pacman\source_pacman.cpp(432): warning C4244: аргумент: преобразование "double" в "DWORD", возможна потеря данных
c:\users\rmk\desktop\шаг\oop_cpp\homework_oop\hw_12_kyrsak_pacman\ca_pacman\ca_pacman\source_pacman.cpp(433): warning C4244: аргумент: преобразование "double" в "DWORD", возможна потеря данных
c:\users\rmk\desktop\шаг\oop_cpp\homework_oop\hw_12_kyrsak_pacman\ca_pacman\ca_pacman\source_pacman.cpp(434): warning C4244: аргумент: преобразование "double" в "DWORD", возможна потеря данных
c:\users\rmk\desktop\шаг\oop_cpp\homework_oop\hw_12_kyrsak_pacman\ca_pacman\ca_pacman\source_pacman.cpp(435): warning C4244: аргумент: преобразование "double" в "DWORD", возможна потеря данных
c:\users\rmk\desktop\шаг\oop_cpp\homework_oop\hw_12_kyrsak_pacman\ca_pacman\ca_pacman\source_pacman.cpp(436): warning C4244: аргумент: преобразование "double" в "DWORD", возможна потеря данных
c:\users\rmk\desktop\шаг\oop_cpp\homework_oop\hw_12_kyrsak_pacman\ca_pacman\ca_pacman\source_pacman.cpp(437): warning C4244: аргумент: преобразование "double" в "DWORD", возможна потеря данных
c:\users\rmk\desktop\шаг\oop_cpp\homework_oop\hw_12_kyrsak_pacman\ca_pacman\ca_pacman\source_pacman.cpp(438): warning C4244: аргумент: преобразование "double" в "DWORD", возможна потеря данных
c:\users\rmk\desktop\шаг\oop_cpp\homework_oop\hw_12_kyrsak_pacman\ca_pacman\ca_pacman\source_pacman.cpp(440): warning C4244: аргумент: преобразование "double" в "DWORD", возможна потеря данных
c:\users\rmk\desktop\шаг\oop_cpp\homework_oop\hw_12_kyrsak_pacman\ca_pacman\ca_pacman\source_pacman.cpp(442): warning C4244: аргумент: преобразование "double" в "DWORD", возможна потеря данных
c:\users\rmk\desktop\шаг\oop_cpp\homework_oop\hw_12_kyrsak_pacman\ca_pacman\ca_pacman\source_pacman.cpp(444): warning C4244: аргумент: преобразование "double" в "DWORD", возможна потеря данных
c:\users\rmk\desktop\шаг\oop_cpp\homework_oop\hw_12_kyrsak_pacman\ca_pacman\ca_pacman\source_pacman.cpp(445): warning C4244: аргумент: преобразование "double" в "DWORD", возможна потеря данных
c:\users\rmk\desktop\шаг\oop_cpp\homework_oop\hw_12_kyrsak_pacman\ca_pacman\ca_pacman\source_pacman.cpp(446): warning C4244: аргумент: преобразование "double" в "DWORD", возможна потеря данных
c:\users\rmk\desktop\шаг\oop_cpp\homework_oop\hw_12_kyrsak_pacman\ca_pacman\ca_pacman\source_pacman.cpp(447): warning C4244: аргумент: преобразование "double" в "DWORD", возможна потеря данных
c:\users\rmk\desktop\шаг\oop_cpp\homework_oop\hw_12_kyrsak_pacman\ca_pacman\ca_pacman\source_pacman.cpp(451): warning C4244: аргумент: преобразование "double" в "DWORD", возможна потеря данных
c:\users\rmk\desktop\шаг\oop_cpp\homework_oop\hw_12_kyrsak_pacman\ca_pacman\ca_pacman\source_pacman.cpp(452): warning C4244: аргумент: преобразование "double" в "DWORD", возможна потеря данных
c:\users\rmk\desktop\шаг\oop_cpp\homework_oop\hw_12_kyrsak_pacman\ca_pacman\ca_pacman\source_pacman.cpp(453): warning C4244: аргумент: преобразование "double" в "DWORD", возможна потеря данных
c:\users\rmk\desktop\шаг\oop_cpp\homework_oop\hw_12_kyrsak_pacman\ca_pacman\ca_pacman\source_pacman.cpp(454): warning C4244: аргумент: преобразование "double" в "DWORD", возможна потеря данных
c:\users\rmk\desktop\шаг\oop_cpp\homework_oop\hw_12_kyrsak_pacman\ca_pacman\ca_pacman\source_pacman.cpp(455): warning C4244: аргумент: преобразование "double" в "DWORD", возможна потеря данных
c:\users\rmk\desktop\шаг\oop_cpp\homework_oop\hw_12_kyrsak_pacman\ca_pacman\ca_pacman\source_pacman.cpp(457): warning C4244: аргумент: преобразование "double" в "DWORD", возможна потеря данных
c:\users\rmk\desktop\шаг\oop_cpp\homework_oop\hw_12_kyrsak_pacman\ca_pacman\ca_pacman\source_pacman.cpp(458): warning C4244: аргумент: преобразование "double" в "DWORD", возможна потеря данных
c:\users\rmk\desktop\шаг\oop_cpp\homework_oop\hw_12_kyrsak_pacman\ca_pacman\ca_pacman\source_pacman.cpp(459): warning C4244: аргумент: преобразование "double" в "DWORD", возможна потеря данных
c:\users\rmk\desktop\шаг\oop_cpp\homework_oop\hw_12_kyrsak_pacman\ca_pacman\ca_pacman\source_pacman.cpp(460): warning C4244: аргумент: преобразование "double" в "DWORD", возможна потеря данных
c:\users\rmk\desktop\шаг\oop_cpp\homework_oop\hw_12_kyrsak_pacman\ca_pacman\ca_pacman\source_pacman.cpp(461): warning C4244: аргумент: преобразование "double" в "DWORD", возможна потеря данных
c:\users\rmk\desktop\шаг\oop_cpp\homework_oop\hw_12_kyrsak_pacman\ca_pacman\ca_pacman\source_pacman.cpp(462): warning C4244: аргумент: преобразование "double" в "DWORD", возможна потеря данных
c:\users\rmk\desktop\шаг\oop_cpp\homework_oop\hw_12_kyrsak_pacman\ca_pacman\ca_pacman\source_pacman.cpp(463): warning C4244: аргумент: преобразование "double" в "DWORD", возможна потеря данных
c:\users\rmk\desktop\шаг\oop_cpp\homework_oop\hw_12_kyrsak_pacman\ca_pacman\ca_pacman\source_pacman.cpp(464): warning C4244: аргумент: преобразование "double" в "DWORD", возможна потеря данных
c:\users\rmk\desktop\шаг\oop_cpp\homework_oop\hw_12_kyrsak_pacman\ca_pacman\ca_pacman\source_pacman.cpp(465): warning C4244: аргумент: преобразование "double" в "DWORD", возможна потеря данных
c:\users\rmk\desktop\шаг\oop_cpp\homework_oop\hw_12_kyrsak_pacman\ca_pacman\ca_pacman\source_pacman.cpp(466): warning C4244: аргумент: преобразование "double" в "DWORD", возможна потеря данных
c:\users\rmk\desktop\шаг\oop_cpp\homework_oop\hw_12_kyrsak_pacman\ca_pacman\ca_pacman\source_pacman.cpp(467): warning C4244: аргумент: преобразование "double" в "DWORD", возможна потеря данных
c:\users\rmk\desktop\шаг\oop_cpp\homework_oop\hw_12_kyrsak_pacman\ca_pacman\ca_pacman\source_pacman.cpp(469): warning C4244: аргумент: преобразование "double" в "DWORD", возможна потеря данных
c:\users\rmk\desktop\шаг\oop_cpp\homework_oop\hw_12_kyrsak_pacman\ca_pacman\ca_pacman\source_pacman.cpp(471): warning C4244: аргумент: преобразование "double" в "DWORD", возможна потеря данных
c:\users\rmk\desktop\шаг\oop_cpp\homework_oop\hw_12_kyrsak_pacman\ca_pacman\ca_pacman\source_pacman.cpp(472): warning C4244: аргумент: преобразование "double" в "DWORD", возможна потеря данных
c:\users\rmk\desktop\шаг\oop_cpp\homework_oop\hw_12_kyrsak_pacman\ca_pacman\ca_pacman\source_pacman.cpp(473): warning C4244: аргумент: преобразование "double" в "DWORD", возможна потеря данных
c:\users\rmk\desktop\шаг\oop_cpp\homework_oop\hw_12_kyrsak_pacman\ca_pacman\ca_pacman\source_pacman.cpp(474): warning C4244: аргумент: преобразование "double" в "DWORD", возможна потеря данных
c:\users\rmk\desktop\шаг\oop_cpp\homework_oop\hw_12_kyrsak_pacman\ca_pacman\ca_pacman\source_pacman.cpp(476): warning C4244: аргумент: преобразование "double" в "DWORD", возможна потеря данных
c:\users\rmk\desktop\шаг\oop_cpp\homework_oop\hw_12_kyrsak_pacman\ca_pacman\ca_pacman\source_pacman.cpp(477): warning C4244: аргумент: преобразование "double" в "DWORD", возможна потеря данных
c:\users\rmk\desktop\шаг\oop_cpp\homework_oop\hw_12_kyrsak_pacman\ca_pacman\ca_pacman\source_pacman.cpp(479): warning C4244: аргумент: преобразование "double" в "DWORD", возможна потеря данных
c:\users\rmk\desktop\шаг\oop_cpp\homework_oop\hw_12_kyrsak_pacman\ca_pacman\ca_pacman\source_pacman.cpp(485): warning C4244: аргумент: преобразование "double" в "DWORD", возможна потеря данных
c:\users\rmk\desktop\шаг\oop_cpp\homework_oop\hw_12_kyrsak_pacman\ca_pacman\ca_pacman\source_pacman.cpp(486): warning C4244: аргумент: преобразование "double" в "DWORD", возможна потеря данных
c:\users\rmk\desktop\шаг\oop_cpp\homework_oop\hw_12_kyrsak_pacman\ca_pacman\ca_pacman\source_pacman.cpp(488): warning C4244: аргумент: преобразование "double" в "DWORD", возможна потеря данных
c:\users\rmk\desktop\шаг\oop_cpp\homework_oop\hw_12_kyrsak_pacman\ca_pacman\ca_pacman\source_pacman.cpp(491): warning C4244: аргумент: преобразование "double" в "DWORD", возможна потеря данных
c:\users\rmk\desktop\шаг\oop_cpp\homework_oop\hw_12_kyrsak_pacman\ca_pacman\ca_pacman\source_pacman.cpp(494): warning C4244: аргумент: преобразование "double" в "DWORD", возможна потеря данных
c:\users\rmk\desktop\шаг\oop_cpp\homework_oop\hw_12_kyrsak_pacman\ca_pacman\ca_pacman\source_pacman.cpp(495): warning C4244: аргумент: преобразование "double" в "DWORD", возможна потеря данных
c:\users\rmk\desktop\шаг\oop_cpp\homework_oop\hw_12_kyrsak_pacman\ca_pacman\ca_pacman\source_pacman.cpp(496): warning C4244: аргумент: преобразование "double" в "DWORD", возможна потеря данных
c:\users\rmk\desktop\шаг\oop_cpp\homework_oop\hw_12_kyrsak_pacman\ca_pacman\ca_pacman\source_pacman.cpp(497): warning C4244: аргумент: преобразование "double" в "DWORD", возможна потеря данных
c:\users\rmk\desktop\шаг\oop_cpp\homework_oop\hw_12_kyrsak_pacman\ca_pacman\ca_pacman\source_pacman.cpp(498): warning C4244: аргумент: преобразование "double" в "DWORD", возможна потеря данных
c:\users\rmk\desktop\шаг\oop_cpp\homework_oop\hw_12_kyrsak_pacman\ca_pacman\ca_pacman\source_pacman.cpp(499): warning C4244: аргумент: преобразование "double" в "DWORD", возможна потеря данных
c:\users\rmk\desktop\шаг\oop_cpp\homework_oop\hw_12_kyrsak_pacman\ca_pacman\ca_pacman\source_pacman.cpp(500): warning C4244: аргумент: преобразование "double" в "DWORD", возможна потеря данных
c:\users\rmk\desktop\шаг\oop_cpp\homework_oop\hw_12_kyrsak_pacman\ca_pacman\ca_pacman\source_pacman.cpp(501): warning C4244: аргумент: преобразование "double" в "DWORD", возможна потеря данных
c:\users\rmk\desktop\шаг\oop_cpp\homework_oop\hw_12_kyrsak_pacman\ca_pacman\ca_pacman\source_pacman.cpp(502): warning C4244: аргумент: преобразование "double" в "DWORD", возможна потеря данных
c:\users\rmk\desktop\шаг\oop_cpp\homework_oop\hw_12_kyrsak_pacman\ca_pacman\ca_pacman\source_pacman.cpp(503): warning C4244: аргумент: преобразование "double" в "DWORD", возможна потеря данных
c:\users\rmk\desktop\шаг\oop_cpp\homework_oop\hw_12_kyrsak_pacman\ca_pacman\ca_pacman\source_pacman.cpp(504): warning C4244: аргумент: преобразование "double" в "DWORD", возможна потеря данных
c:\users\rmk\desktop\шаг\oop_cpp\homework_oop\hw_12_kyrsak_pacman\ca_pacman\ca_pacman\source_pacman.cpp(506): warning C4244: аргумент: преобразование "double" в "DWORD", возможна потеря данных
c:\users\rmk\desktop\шаг\oop_cpp\homework_oop\hw_12_kyrsak_pacman\ca_pacman\ca_pacman\source_pacman.cpp(507): warning C4244: аргумент: преобразование "double" в "DWORD", возможна потеря данных
c:\users\rmk\desktop\шаг\oop_cpp\homework_oop\hw_12_kyrsak_pacman\ca_pacman\ca_pacman\source_pacman.cpp(509): warning C4244: аргумент: преобразование "double" в "DWORD", возможна потеря данных
c:\users\rmk\desktop\шаг\oop_cpp\homework_oop\hw_12_kyrsak_pacman\ca_pacman\ca_pacman\source_pacman.cpp(515): warning C4244: аргумент: преобразование "double" в "DWORD", возможна потеря данных
c:\users\rmk\desktop\шаг\oop_cpp\homework_oop\hw_12_kyrsak_pacman\ca_pacman\ca_pacman\source_pacman.cpp(516): warning C4244: аргумент: преобразование "double" в "DWORD", возможна потеря данных
c:\users\rmk\desktop\шаг\oop_cpp\homework_oop\hw_12_kyrsak_pacman\ca_pacman\ca_pacman\source_pacman.cpp(518): warning C4244: аргумент: преобразование "double" в "DWORD", возможна потеря данных
c:\users\rmk\desktop\шаг\oop_cpp\homework_oop\hw_12_kyrsak_pacman\ca_pacman\ca_pacman\source_pacman.cpp(521): warning C4244: аргумент: преобразование "double" в "DWORD", возможна потеря данных
c:\users\rmk\desktop\шаг\oop_cpp\homework_oop\hw_12_kyrsak_pacman\ca_pacman\ca_pacman\source_pacman.cpp(524): warning C4244: аргумент: преобразование "double" в "DWORD", возможна потеря данных
c:\users\rmk\desktop\шаг\oop_cpp\homework_oop\hw_12_kyrsak_pacman\ca_pacman\ca_pacman\source_pacman.cpp(525): warning C4244: аргумент: преобразование "double" в "DWORD", возможна потеря данных
c:\users\rmk\desktop\шаг\oop_cpp\homework_oop\hw_12_kyrsak_pacman\ca_pacman\ca_pacman\source_pacman.cpp(526): warning C4244: аргумент: преобразование "double" в "DWORD", возможна потеря данных
c:\users\rmk\desktop\шаг\oop_cpp\homework_oop\hw_12_kyrsak_pacman\ca_pacman\ca_pacman\source_pacman.cpp(527): warning C4244: аргумент: преобразование "double" в "DWORD", возможна потеря данных
c:\users\rmk\desktop\шаг\oop_cpp\homework_oop\hw_12_kyrsak_pacman\ca_pacman\ca_pacman\source_pacman.cpp(528): warning C4244: аргумент: преобразование "double" в "DWORD", возможна потеря данных
c:\users\rmk\desktop\шаг\oop_cpp\homework_oop\hw_12_kyrsak_pacman\ca_pacman\ca_pacman\source_pacman.cpp(540): warning C4244: аргумент: преобразование "double" в "DWORD", возможна потеря данных
c:\users\rmk\desktop\шаг\oop_cpp\homework_oop\hw_12_kyrsak_pacman\ca_pacman\ca_pacman\source_pacman.cpp(542): warning C4244: аргумент: преобразование "double" в "DWORD", возможна потеря данных
c:\users\rmk\desktop\шаг\oop_cpp\homework_oop\hw_12_kyrsak_pacman\ca_pacman\ca_pacman\source_pacman.cpp(543): warning C4244: аргумент: преобразование "double" в "DWORD", возможна потеря данных
c:\users\rmk\desktop\шаг\oop_cpp\homework_oop\hw_12_kyrsak_pacman\ca_pacman\ca_pacman\source_pacman.cpp(570): warning C4996: 'strcpy': This function or variable may be unsafe. Consider using strcpy_s instead. To disable deprecation, use _CRT_SECURE_NO_WARNINGS. See online help for details.
  c:\program files (x86)\windows kits\10\include\10.0.14393.0\ucrt\string.h(129): note:  см. объявление "strcpy"
c:\users\rmk\desktop\шаг\oop_cpp\homework_oop\hw_12_kyrsak_pacman\ca_pacman\ca_pacman\source_pacman.cpp(571): warning C4996: 'strcpy': This function or variable may be unsafe. Consider using strcpy_s instead. To disable deprecation, use _CRT_SECURE_NO_WARNINGS. See online help for details.
  c:\program files (x86)\windows kits\10\include\10.0.14393.0\ucrt\string.h(129): note:  см. объявление "strcpy"
c:\users\rmk\desktop\шаг\oop_cpp\homework_oop\hw_12_kyrsak_pacman\ca_pacman\ca_pacman\source_pacman.cpp(572): warning C4996: 'strcpy': This function or variable may be unsafe. Consider using strcpy_s instead. To disable deprecation, use _CRT_SECURE_NO_WARNINGS. See online help for details.
  c:\program files (x86)\windows kits\10\include\10.0.14393.0\ucrt\string.h(129): note:  см. объявление "strcpy"
c:\users\rmk\desktop\шаг\oop_cpp\homework_oop\hw_12_kyrsak_pacman\ca_pacman\ca_pacman\source_pacman.cpp(573): warning C4996: 'strcpy': This function or variable may be unsafe. Consider using strcpy_s instead. To disable deprecation, use _CRT_SECURE_NO_WARNINGS. See online help for details.
  c:\program files (x86)\windows kits\10\include\10.0.14393.0\ucrt\string.h(129): note:  см. объявление "strcpy"
c:\users\rmk\desktop\шаг\oop_cpp\homework_oop\hw_12_kyrsak_pacman\ca_pacman\ca_pacman\source_pacman.cpp(1790): warning C4996: 'itoa': The POSIX name for this item is deprecated. Instead, use the ISO C and C++ conformant name: _itoa. See online help for details.
  c:\program files (x86)\windows kits\10\include\10.0.14393.0\ucrt\stdlib.h(1323): note:  см. объявление "itoa"
c:\users\rmk\desktop\шаг\oop_cpp\homework_oop\hw_12_kyrsak_pacman\ca_pacman\ca_pacman\source_pacman.cpp(1807): warning C4101: buf: неиспользованная локальная переменная
c:\users\rmk\desktop\шаг\oop_cpp\homework_oop\hw_12_kyrsak_pacman\ca_pacman\ca_pacman\source_pacman.cpp(2001): warning C4566: символ, представленный универсальным именем символа "\u30D1", невозможно представить в текущей кодовой странице (1251)
c:\users\rmk\desktop\шаг\oop_cpp\homework_oop\hw_12_kyrsak_pacman\ca_pacman\ca_pacman\source_pacman.cpp(2001): warning C4566: символ, представленный универсальным именем символа "\u30C3", невозможно представить в текущей кодовой странице (1251)
c:\users\rmk\desktop\шаг\oop_cpp\homework_oop\hw_12_kyrsak_pacman\ca_pacman\ca_pacman\source_pacman.cpp(2001): warning C4566: символ, представленный универсальным именем символа "\u30AF", невозможно представить в текущей кодовой странице (1251)
c:\users\rmk\desktop\шаг\oop_cpp\homework_oop\hw_12_kyrsak_pacman\ca_pacman\ca_pacman\source_pacman.cpp(2001): warning C4566: символ, представленный универсальным именем символа "\u30DE", невозможно представить в текущей кодовой странице (1251)
c:\users\rmk\desktop\шаг\oop_cpp\homework_oop\hw_12_kyrsak_pacman\ca_pacman\ca_pacman\source_pacman.cpp(2001): warning C4566: символ, представленный универсальным именем символа "\u30F3", невозможно представить в текущей кодовой странице (1251)
c:\users\rmk\desktop\шаг\oop_cpp\homework_oop\hw_12_kyrsak_pacman\ca_pacman\ca_pacman\source_pacman.cpp(2001): warning C4566: символ, представленный универсальным именем символа "\u98DF", невозможно представить в текущей кодовой странице (1251)
c:\users\rmk\desktop\шаг\oop_cpp\homework_oop\hw_12_kyrsak_pacman\ca_pacman\ca_pacman\source_pacman.cpp(2001): warning C4566: символ, представленный универсальным именем символа "\u3079", невозможно представить в текущей кодовой странице (1251)
c:\users\rmk\desktop\шаг\oop_cpp\homework_oop\hw_12_kyrsak_pacman\ca_pacman\ca_pacman\source_pacman.cpp(2001): warning C4566: символ, представленный универсальным именем символа "\u308B", невозможно представить в текущей кодовой странице (1251)
c:\users\rmk\desktop\шаг\oop_cpp\homework_oop\hw_12_kyrsak_pacman\ca_pacman\ca_pacman\source_pacman.cpp(2001): warning C4566: символ, представленный универсальным именем символа "\u53E3", невозможно представить в текущей кодовой странице (1251)
c:\users\rmk\desktop\шаг\oop_cpp\homework_oop\hw_12_kyrsak_pacman\ca_pacman\ca_pacman\source_pacman.cpp(2013): warning C4566: символ, представленный универсальным именем символа "\u200B", невозможно представить в текущей кодовой странице (1251)
c:\users\rmk\desktop\шаг\oop_cpp\homework_oop\hw_12_kyrsak_pacman\ca_pacman\ca_pacman\source_pacman.cpp(2073): warning C4996: 'kbhit': The POSIX name for this item is deprecated. Instead, use the ISO C and C++ conformant name: _kbhit. See online help for details.
  c:\program files (x86)\windows kits\10\include\10.0.14393.0\ucrt\conio.h(458): note:  см. объявление "kbhit"
c:\users\rmk\desktop\шаг\oop_cpp\homework_oop\hw_12_kyrsak_pacman\ca_pacman\ca_pacman\source_pacman.cpp(2177): warning C4101: buf: неиспользованная локальная переменная
  CA_PacMan.vcxproj -> C:\Users\RMK\Desktop\ШАГ\OOP_Cpp\HomeWork_OOP\HW_12_Kyrsak_PACMAN\CA_PacMan\x64\Debug\CA_PacMan.exe
  CA_PacMan.vcxproj -> C:\Users\RMK\Desktop\ШАГ\OOP_Cpp\HomeWork_OOP\HW_12_Kyrsak_PACMAN\CA_PacMan\x64\Debug\CA_PacMan.pdb (Partial PDB)
